# JRE version: OpenJDK Runtime Environment (22.0.2+9) (build 22.0.2+9-70)
# Java VM: OpenJDK 64-Bit Server VM (22.0.2+9-70, mixed mode, sharing, tiered, compressed oops, compressed class ptrs, g1 gc, windows-amd64)
GC Precious Log:
 CardTable entry size: 512
 Card Set container configuration: InlinePtr #cards 5 size 8 Array Of Cards #cards 12 size 40 Howl #buckets 4 coarsen threshold 1843 Howl Bitmap #cards 512 size 80 coarsen threshold 460 Card regions per heap region 1 cards per card region 2048
 CPUs: 8 total, 8 available
 Memory: 7953M
 Large Page Support: Disabled
 NUMA Support: Disabled
 Compressed Oops: Enabled (32-bit)
 Heap Region Size: 1M
 Heap Min Capacity: 8M
 Heap Initial Capacity: 126M
 Heap Max Capacity: 1990M
 Pre-touch: Disabled
 Parallel Workers: 8
 Concurrent Workers: 2
 Concurrent Refinement Workers: 8
 Periodic GC: Disabled
Heap:
 garbage-first heap   total reserved 2037760K, committed 129024K, used 24820K [0x0000000083a00000, 0x0000000100000000)
  region size 1024K, 6 young (6144K), 6 survivors (6144K)
 Metaspace       used 21182K, committed 21504K, reserved 1114112K
  class space    used 2360K, committed 2496K, reserved 1048576K
GC Heap History (17 events):
Event: 8.100 GC heap before
{Heap before GC invocations=0 (full 0):
 garbage-first heap   total reserved 2037760K, committed 129024K, used 24576K [0x0000000083a00000, 0x0000000100000000)
  region size 1024K, 24 young (24576K), 0 survivors (0K)
 Metaspace       used 6144K, committed 6400K, reserved 1114112K
  class space    used 719K, committed 832K, reserved 1048576K
}
Event: 8.242 GC heap after
{Heap after GC invocations=1 (full 0):
 garbage-first heap   total reserved 2037760K, committed 129024K, used 4181K [0x0000000083a00000, 0x0000000100000000)
  region size 1024K, 3 young (3072K), 3 survivors (3072K)
 Metaspace       used 6144K, committed 6400K, reserved 1114112K
  class space    used 719K, committed 832K, reserved 1048576K
}
Event: 9.939 GC heap before
{Heap before GC invocations=1 (full 0):
 garbage-first heap   total reserved 2037760K, committed 129024K, used 34901K [0x0000000083a00000, 0x0000000100000000)
  region size 1024K, 33 young (33792K), 3 survivors (3072K)
 Metaspace       used 10010K, committed 10176K, reserved 1114112K
  class space    used 1195K, committed 1280K, reserved 1048576K
}
Event: 9.946 GC heap after
{Heap after GC invocations=2 (full 0):
 garbage-first heap   total reserved 2037760K, committed 129024K, used 6082K [0x0000000083a00000, 0x0000000100000000)
  region size 1024K, 2 young (2048K), 2 survivors (2048K)
 Metaspace       used 10010K, committed 10176K, reserved 1114112K
  class space    used 1195K, committed 1280K, reserved 1048576K
}
Event: 14.940 GC heap before
{Heap before GC invocations=2 (full 0):
 garbage-first heap   total reserved 2037760K, committed 129024K, used 80834K [0x0000000083a00000, 0x0000000100000000)
  region size 1024K, 75 young (76800K), 2 survivors (2048K)
 Metaspace       used 16289K, committed 16512K, reserved 1114112K
  class space    used 1933K, committed 2048K, reserved 1048576K
}
Event: 14.959 GC heap after
{Heap after GC invocations=3 (full 0):
 garbage-first heap   total reserved 2037760K, committed 129024K, used 14741K [0x0000000083a00000, 0x0000000100000000)
  region size 1024K, 10 young (10240K), 10 survivors (10240K)
 Metaspace       used 16289K, committed 16512K, reserved 1114112K
  class space    used 1933K, committed 2048K, reserved 1048576K
}
Event: 17.498 GC heap before
{Heap before GC invocations=3 (full 0):
 garbage-first heap   total reserved 2037760K, committed 129024K, used 81301K [0x0000000083a00000, 0x0000000100000000)
  region size 1024K, 75 young (76800K), 10 survivors (10240K)
 Metaspace       used 16835K, committed 17088K, reserved 1114112K
  class space    used 1940K, committed 2048K, reserved 1048576K
}
Event: 17.516 GC heap after
{Heap after GC invocations=4 (full 0):
 garbage-first heap   total reserved 2037760K, committed 129024K, used 19253K [0x0000000083a00000, 0x0000000100000000)
  region size 1024K, 5 young (5120K), 5 survivors (5120K)
 Metaspace       used 16835K, committed 17088K, reserved 1114112K
  class space    used 1940K, committed 2048K, reserved 1048576K
}
Event: 20.858 GC heap before
{Heap before GC invocations=4 (full 0):
 garbage-first heap   total reserved 2037760K, committed 129024K, used 112437K [0x0000000083a00000, 0x0000000100000000)
  region size 1024K, 57 young (58368K), 5 survivors (5120K)
 Metaspace       used 18376K, committed 18624K, reserved 1114112K
  class space    used 2096K, committed 2240K, reserved 1048576K
}
Event: 20.865 GC heap after
{Heap after GC invocations=5 (full 0):
 garbage-first heap   total reserved 2037760K, committed 129024K, used 30005K [0x0000000083a00000, 0x0000000100000000)
  region size 1024K, 7 young (7168K), 7 survivors (7168K)
 Metaspace       used 18376K, committed 18624K, reserved 1114112K
  class space    used 2096K, committed 2240K, reserved 1048576K
}
Event: 20.876 GC heap before
{Heap before GC invocations=5 (full 0):
 garbage-first heap   total reserved 2037760K, committed 129024K, used 62773K [0x0000000083a00000, 0x0000000100000000)
  region size 1024K, 8 young (8192K), 7 survivors (7168K)
 Metaspace       used 18377K, committed 18624K, reserved 1114112K
  class space    used 2096K, committed 2240K, reserved 1048576K
}
Event: 20.882 GC heap after
{Heap after GC invocations=6 (full 0):
 garbage-first heap   total reserved 2037760K, committed 129024K, used 30776K [0x0000000083a00000, 0x0000000100000000)
  region size 1024K, 4 young (4096K), 4 survivors (4096K)
 Metaspace       used 18377K, committed 18624K, reserved 1114112K
  class space    used 2096K, committed 2240K, reserved 1048576K
}
Event: 20.889 GC heap before
{Heap before GC invocations=6 (full 0):
 garbage-first heap   total reserved 2037760K, committed 129024K, used 55352K [0x0000000083a00000, 0x0000000100000000)
  region size 1024K, 5 young (5120K), 4 survivors (4096K)
 Metaspace       used 18377K, committed 18624K, reserved 1114112K
  class space    used 2096K, committed 2240K, reserved 1048576K
}
Event: 20.892 GC heap after
{Heap after GC invocations=7 (full 0):
 garbage-first heap   total reserved 2037760K, committed 129024K, used 22001K [0x0000000083a00000, 0x0000000100000000)
  region size 1024K, 4 young (4096K), 4 survivors (4096K)
 Metaspace       used 18377K, committed 18624K, reserved 1114112K
  class space    used 2096K, committed 2240K, reserved 1048576K
}
Event: 20.900 GC heap before
{Heap before GC invocations=7 (full 0):
 garbage-first heap   total reserved 2037760K, committed 129024K, used 54769K [0x0000000083a00000, 0x0000000100000000)
  region size 1024K, 5 young (5120K), 4 survivors (4096K)
 Metaspace       used 18377K, committed 18624K, reserved 1114112K
  class space    used 2096K, committed 2240K, reserved 1048576K
}
Event: 20.904 GC heap after
{Heap after GC invocations=8 (full 0):
 garbage-first heap   total reserved 2037760K, committed 129024K, used 21960K [0x0000000083a00000, 0x0000000100000000)
  region size 1024K, 4 young (4096K), 4 survivors (4096K)
 Metaspace       used 18377K, committed 18624K, reserved 1114112K
  class space    used 2096K, committed 2240K, reserved 1048576K
}
Event: 24.606 GC heap before
{Heap before GC invocations=8 (full 0):
 garbage-first heap   total reserved 2037760K, committed 129024K, used 112072K [0x0000000083a00000, 0x0000000100000000)
  region size 1024K, 61 young (62464K), 4 survivors (4096K)
 Metaspace       used 21182K, committed 21504K, reserved 1114112K
  class space    used 2360K, committed 2496K, reserved 1048576K
}

