# JRE version: OpenJDK Runtime Environment (22.0.2+9) (build 22.0.2+9-70)
# Java VM: OpenJDK 64-Bit Server VM (22.0.2+9-70, mixed mode, sharing, tiered, compressed oops, compressed class ptrs, g1 gc, windows-amd64)
GC Precious Log:
 CardTable entry size: 512
 Card Set container configuration: InlinePtr #cards 5 size 8 Array Of Cards #cards 12 size 40 Howl #buckets 4 coarsen threshold 1843 Howl Bitmap #cards 512 size 80 coarsen threshold 460 Card regions per heap region 1 cards per card region 2048
 CPUs: 8 total, 8 available
 Memory: 7953M
 Large Page Support: Disabled
 NUMA Support: Disabled
 Compressed Oops: Enabled (32-bit)
 Heap Region Size: 1M
 Heap Min Capacity: 8M
 Heap Initial Capacity: 126M
 Heap Max Capacity: 1990M
 Pre-touch: Disabled
 Parallel Workers: 8
 Concurrent Workers: 2
 Concurrent Refinement Workers: 8
 Periodic GC: Disabled
Heap:
 garbage-first heap   total reserved 2037760K, committed 78848K, used 38896K [0x0000000083a00000, 0x0000000100000000)
  region size 1024K, 17 young (17408K), 5 survivors (5120K)
 Metaspace       used 47905K, committed 48512K, reserved 1114112K
  class space    used 6018K, committed 6272K, reserved 1048576K
GC Heap History (20 events):
Event: 34.924 GC heap before
{Heap before GC invocations=9 (full 0):
 garbage-first heap   total reserved 2037760K, committed 65536K, used 56435K [0x0000000083a00000, 0x0000000100000000)
  region size 1024K, 38 young (38912K), 2 survivors (2048K)
 Metaspace       used 26798K, committed 27136K, reserved 1114112K
  class space    used 3144K, committed 3264K, reserved 1048576K
}
Event: 34.927 GC heap after
{Heap after GC invocations=10 (full 0):
 garbage-first heap   total reserved 2037760K, committed 65536K, used 19572K [0x0000000083a00000, 0x0000000100000000)
  region size 1024K, 2 young (2048K), 2 survivors (2048K)
 Metaspace       used 26798K, committed 27136K, reserved 1114112K
  class space    used 3144K, committed 3264K, reserved 1048576K
}
Event: 35.258 GC heap before
{Heap before GC invocations=10 (full 0):
 garbage-first heap   total reserved 2037760K, committed 65536K, used 56436K [0x0000000083a00000, 0x0000000100000000)
  region size 1024K, 38 young (38912K), 2 survivors (2048K)
 Metaspace       used 28366K, committed 28736K, reserved 1114112K
  class space    used 3310K, committed 3456K, reserved 1048576K
}
Event: 35.261 GC heap after
{Heap after GC invocations=11 (full 0):
 garbage-first heap   total reserved 2037760K, committed 65536K, used 20052K [0x0000000083a00000, 0x0000000100000000)
  region size 1024K, 3 young (3072K), 3 survivors (3072K)
 Metaspace       used 28366K, committed 28736K, reserved 1114112K
  class space    used 3310K, committed 3456K, reserved 1048576K
}
Event: 35.792 GC heap before
{Heap before GC invocations=11 (full 0):
 garbage-first heap   total reserved 2037760K, committed 65536K, used 54868K [0x0000000083a00000, 0x0000000100000000)
  region size 1024K, 38 young (38912K), 3 survivors (3072K)
 Metaspace       used 30349K, committed 30656K, reserved 1114112K
  class space    used 3575K, committed 3712K, reserved 1048576K
}
Event: 35.810 GC heap after
{Heap after GC invocations=12 (full 0):
 garbage-first heap   total reserved 2037760K, committed 65536K, used 21114K [0x0000000083a00000, 0x0000000100000000)
  region size 1024K, 4 young (4096K), 4 survivors (4096K)
 Metaspace       used 30349K, committed 30656K, reserved 1114112K
  class space    used 3575K, committed 3712K, reserved 1048576K
}
Event: 38.647 GC heap before
{Heap before GC invocations=12 (full 0):
 garbage-first heap   total reserved 2037760K, committed 65536K, used 54906K [0x0000000083a00000, 0x0000000100000000)
  region size 1024K, 38 young (38912K), 4 survivors (4096K)
 Metaspace       used 31536K, committed 31872K, reserved 1114112K
  class space    used 3703K, committed 3840K, reserved 1048576K
}
Event: 38.654 GC heap after
{Heap after GC invocations=13 (full 0):
 garbage-first heap   total reserved 2037760K, committed 78848K, used 23213K [0x0000000083a00000, 0x0000000100000000)
  region size 1024K, 5 young (5120K), 5 survivors (5120K)
 Metaspace       used 31536K, committed 31872K, reserved 1114112K
  class space    used 3703K, committed 3840K, reserved 1048576K
}
Event: 39.742 GC heap before
{Heap before GC invocations=13 (full 0):
 garbage-first heap   total reserved 2037760K, committed 78848K, used 65197K [0x0000000083a00000, 0x0000000100000000)
  region size 1024K, 46 young (47104K), 5 survivors (5120K)
 Metaspace       used 33396K, committed 33728K, reserved 1114112K
  class space    used 3919K, committed 4032K, reserved 1048576K
}
Event: 39.751 GC heap after
{Heap after GC invocations=14 (full 0):
 garbage-first heap   total reserved 2037760K, committed 78848K, used 23174K [0x0000000083a00000, 0x0000000100000000)
  region size 1024K, 3 young (3072K), 3 survivors (3072K)
 Metaspace       used 33396K, committed 33728K, reserved 1114112K
  class space    used 3919K, committed 4032K, reserved 1048576K
}
Event: 43.149 GC heap before
{Heap before GC invocations=14 (full 0):
 garbage-first heap   total reserved 2037760K, committed 78848K, used 67206K [0x0000000083a00000, 0x0000000100000000)
  region size 1024K, 46 young (47104K), 3 survivors (3072K)
 Metaspace       used 36208K, committed 36672K, reserved 1114112K
  class space    used 4280K, committed 4480K, reserved 1048576K
}
Event: 43.158 GC heap after
{Heap after GC invocations=15 (full 0):
 garbage-first heap   total reserved 2037760K, committed 78848K, used 24083K [0x0000000083a00000, 0x0000000100000000)
  region size 1024K, 4 young (4096K), 4 survivors (4096K)
 Metaspace       used 36208K, committed 36672K, reserved 1114112K
  class space    used 4280K, committed 4480K, reserved 1048576K
}
Event: 44.770 GC heap before
{Heap before GC invocations=15 (full 0):
 garbage-first heap   total reserved 2037760K, committed 78848K, used 38419K [0x0000000083a00000, 0x0000000100000000)
  region size 1024K, 19 young (19456K), 4 survivors (4096K)
 Metaspace       used 37161K, committed 37568K, reserved 1114112K
  class space    used 4416K, committed 4608K, reserved 1048576K
}
Event: 44.779 GC heap after
{Heap after GC invocations=16 (full 0):
 garbage-first heap   total reserved 2037760K, committed 78848K, used 24136K [0x0000000083a00000, 0x0000000100000000)
  region size 1024K, 2 young (2048K), 2 survivors (2048K)
 Metaspace       used 37161K, committed 37568K, reserved 1114112K
  class space    used 4416K, committed 4608K, reserved 1048576K
}
Event: 46.423 GC heap before
{Heap before GC invocations=17 (full 0):
 garbage-first heap   total reserved 2037760K, committed 78848K, used 69192K [0x0000000083a00000, 0x0000000100000000)
  region size 1024K, 46 young (47104K), 2 survivors (2048K)
 Metaspace       used 40390K, committed 40896K, reserved 1114112K
  class space    used 4975K, committed 5184K, reserved 1048576K
}
Event: 46.431 GC heap after
{Heap after GC invocations=18 (full 0):
 garbage-first heap   total reserved 2037760K, committed 78848K, used 25021K [0x0000000083a00000, 0x0000000100000000)
  region size 1024K, 3 young (3072K), 3 survivors (3072K)
 Metaspace       used 40390K, committed 40896K, reserved 1114112K
  class space    used 4975K, committed 5184K, reserved 1048576K
}
Event: 49.005 GC heap before
{Heap before GC invocations=18 (full 0):
 garbage-first heap   total reserved 2037760K, committed 78848K, used 69053K [0x0000000083a00000, 0x0000000100000000)
  region size 1024K, 46 young (47104K), 3 survivors (3072K)
 Metaspace       used 43257K, committed 43840K, reserved 1114112K
  class space    used 5420K, committed 5696K, reserved 1048576K
}
Event: 49.016 GC heap after
{Heap after GC invocations=19 (full 0):
 garbage-first heap   total reserved 2037760K, committed 78848K, used 25743K [0x0000000083a00000, 0x0000000100000000)
  region size 1024K, 4 young (4096K), 4 survivors (4096K)
 Metaspace       used 43257K, committed 43840K, reserved 1114112K
  class space    used 5420K, committed 5696K, reserved 1048576K
}
Event: 50.430 GC heap before
{Heap before GC invocations=19 (full 0):
 garbage-first heap   total reserved 2037760K, committed 78848K, used 68751K [0x0000000083a00000, 0x0000000100000000)
  region size 1024K, 46 young (47104K), 4 survivors (4096K)
 Metaspace       used 45372K, committed 46016K, reserved 1114112K
  class space    used 5720K, committed 6016K, reserved 1048576K
}
Event: 50.443 GC heap after
{Heap after GC invocations=20 (full 0):
 garbage-first heap   total reserved 2037760K, committed 78848K, used 26934K [0x0000000083a00000, 0x0000000100000000)
  region size 1024K, 4 young (4096K), 4 survivors (4096K)
 Metaspace       used 45372K, committed 46016K, reserved 1114112K
  class space    used 5720K, committed 6016K, reserved 1048576K
}

